Using pre-set license
Built from '2022.3/staging' branch; Version is '2022.3.40f1 (cbdda657d2f0) revision 13360550'; Using compiler version '192829333'; Build Type 'Release'
OS: 'Windows 10  (10.0.17763) 64bit ServerStandardEval' Language: 'en' Physical Memory: 130767 MB
BatchMode: 1, IsHumanControllingUs: 0, StartBugReporterOnCrash: 0, Is64bit: 1, IsPro: 1

COMMAND LINE ARGUMENTS:
C:\Program Files\Unity\Hub\Editor\2022.3.40f1\Editor\Unity.exe
-adb2
-batchMode
-noUpm
-name
AssetImportWorker0
-projectPath
C:/Users/Administrator/Desktop/FnafARPC/ExportedProject
-logFile
Logs/AssetImportWorker0.log
-srvPort
59919
Successfully changed project path to: C:/Users/Administrator/Desktop/FnafARPC/ExportedProject
C:/Users/Administrator/Desktop/FnafARPC/ExportedProject
[UnityMemory] Configuration Parameters - Can be set up in boot.config
    "memorysetup-bucket-allocator-granularity=16"
    "memorysetup-bucket-allocator-bucket-count=8"
    "memorysetup-bucket-allocator-block-size=33554432"
    "memorysetup-bucket-allocator-block-count=8"
    "memorysetup-main-allocator-block-size=16777216"
    "memorysetup-thread-allocator-block-size=16777216"
    "memorysetup-gfx-main-allocator-block-size=16777216"
    "memorysetup-gfx-thread-allocator-block-size=16777216"
    "memorysetup-cache-allocator-block-size=4194304"
    "memorysetup-typetree-allocator-block-size=2097152"
    "memorysetup-profiler-bucket-allocator-granularity=16"
    "memorysetup-profiler-bucket-allocator-bucket-count=8"
    "memorysetup-profiler-bucket-allocator-block-size=33554432"
    "memorysetup-profiler-bucket-allocator-block-count=8"
    "memorysetup-profiler-allocator-block-size=16777216"
    "memorysetup-profiler-editor-allocator-block-size=1048576"
    "memorysetup-temp-allocator-size-main=16777216"
    "memorysetup-job-temp-allocator-block-size=2097152"
    "memorysetup-job-temp-allocator-block-size-background=1048576"
    "memorysetup-job-temp-allocator-reduction-small-platforms=262144"
    "memorysetup-allocator-temp-initial-block-size-main=262144"
    "memorysetup-allocator-temp-initial-block-size-worker=262144"
    "memorysetup-temp-allocator-size-background-worker=32768"
    "memorysetup-temp-allocator-size-job-worker=262144"
    "memorysetup-temp-allocator-size-preload-manager=33554432"
    "memorysetup-temp-allocator-size-nav-mesh-worker=65536"
    "memorysetup-temp-allocator-size-audio-worker=65536"
    "memorysetup-temp-allocator-size-cloud-worker=32768"
    "memorysetup-temp-allocator-size-gi-baking-worker=262144"
    "memorysetup-temp-allocator-size-gfx=262144"
Player connection [1120]  Target information:

Player connection [1120]  * "[IP] 192.168.1.182 [Port] 0 [Flags] 2 [Guid] 377373088 [EditorId] 377373088 [Version] 1048832 [Id] WindowsEditor(7,WIN-E7AKP4L2P2I) [Debug] 1 [PackageName] WindowsEditor [ProjectName] Editor" 

Player connection [1120] Host joined multi-casting on [225.0.0.222:54997]...
Player connection [1120] Host joined alternative multi-casting on [225.0.0.222:34997]...
[PhysX] Initialized MultithreadedTaskDispatcher with 64 workers.
Refreshing native plugins compatible for Editor in 12.15 ms, found 2 plugins.
Preloading 0 native plugins for Editor in 0.00 ms.
Initialize engine version: 2022.3.40f1 (cbdda657d2f0)
[Subsystems] Discovering subsystems at path C:/Program Files/Unity/Hub/Editor/2022.3.40f1/Editor/Data/Resources/UnitySubsystems
[Subsystems] Discovering subsystems at path C:/Users/Administrator/Desktop/FnafARPC/ExportedProject/Assets
GfxDevice: creating device client; threaded=0; jobified=0
Direct3D:
    Version:  Direct3D 11.0 [level 11.1]
    Renderer: NVIDIA Quadro P5000 (ID=0x1bb0)
    Vendor:   NVIDIA
    VRAM:     16248 MB
    Driver:   31.0.15.2824
Initialize mono
Mono path[0] = 'C:/Program Files/Unity/Hub/Editor/2022.3.40f1/Editor/Data/Managed'
Mono path[1] = 'C:/Program Files/Unity/Hub/Editor/2022.3.40f1/Editor/Data/MonoBleedingEdge/lib/mono/unityjit-win32'
Mono config path = 'C:/Program Files/Unity/Hub/Editor/2022.3.40f1/Editor/Data/MonoBleedingEdge/etc'
Using monoOptions --debugger-agent=transport=dt_socket,embedding=1,server=y,suspend=n,address=127.0.0.1:56440
Begin MonoManager ReloadAssembly
Registering precompiled unity dll's ...
Register platform support module: C:/Program Files/Unity/Hub/Editor/2022.3.40f1/Editor/Data/PlaybackEngines/AndroidPlayer/UnityEditor.Android.Extensions.dll
Register platform support module: C:/Program Files/Unity/Hub/Editor/2022.3.40f1/Editor/Data/PlaybackEngines/WindowsStandaloneSupport/UnityEditor.WindowsStandalone.Extensions.dll
Registered in 0.009054 seconds.
- Loaded All Assemblies, in  0.393 seconds
Native extension for WindowsStandalone target not found
Native extension for Android target not found
Android Extension - Scanning For ADB Devices 578 ms
Mono: successfully reloaded assembly
- Finished resetting the current domain, in  0.972 seconds
Domain Reload Profiling: 1365ms
	BeginReloadAssembly (111ms)
		ExecutionOrderSort (0ms)
		DisableScriptedObjects (0ms)
		BackupInstance (0ms)
		ReleaseScriptingObjects (0ms)
		CreateAndSetChildDomain (1ms)
	RebuildCommonClasses (38ms)
	RebuildNativeTypeToScriptingClass (13ms)
	initialDomainReloadingComplete (61ms)
	LoadAllAssembliesAndSetupDomain (168ms)
		LoadAssemblies (110ms)
		RebuildTransferFunctionScriptingTraits (0ms)
		AnalyzeDomain (166ms)
			TypeCache.Refresh (164ms)
				TypeCache.ScanAssembly (147ms)
			ScanForSourceGeneratedMonoScriptInfo (0ms)
			ResolveRequiredComponents (1ms)
	FinalizeReload (973ms)
		ReleaseScriptCaches (0ms)
		RebuildScriptCaches (0ms)
		SetupLoadedEditorAssemblies (906ms)
			LogAssemblyErrors (0ms)
			InitializePlatformSupportModulesInManaged (735ms)
			SetLoadedEditorAssemblies (4ms)
			RefreshPlugins (0ms)
			BeforeProcessingInitializeOnLoad (2ms)
			ProcessInitializeOnLoadAttributes (118ms)
			ProcessInitializeOnLoadMethodAttributes (47ms)
			AfterProcessingInitializeOnLoad (0ms)
			EditorAssembliesLoaded (0ms)
		ExecutionOrderSort2 (0ms)
		AwakeInstancesAfterBackupRestoration (0ms)
========================================================================
Worker process is ready to serve import requests
Caller must complete domain reload
Begin MonoManager ReloadAssembly
- Loaded All Assemblies, in  0.410 seconds
Native extension for WindowsStandalone target not found
Native extension for Android target not found
Mono: successfully reloaded assembly
- Finished resetting the current domain, in  0.515 seconds
Domain Reload Profiling: 921ms
	BeginReloadAssembly (210ms)
		ExecutionOrderSort (0ms)
		DisableScriptedObjects (6ms)
		BackupInstance (0ms)
		ReleaseScriptingObjects (0ms)
		CreateAndSetChildDomain (47ms)
	RebuildCommonClasses (39ms)
	RebuildNativeTypeToScriptingClass (13ms)
	initialDomainReloadingComplete (32ms)
	LoadAllAssembliesAndSetupDomain (111ms)
		LoadAssemblies (134ms)
		RebuildTransferFunctionScriptingTraits (0ms)
		AnalyzeDomain (89ms)
			TypeCache.Refresh (63ms)
				TypeCache.ScanAssembly (48ms)
			ScanForSourceGeneratedMonoScriptInfo (13ms)
			ResolveRequiredComponents (12ms)
	FinalizeReload (515ms)
		ReleaseScriptCaches (0ms)
		RebuildScriptCaches (0ms)
		SetupLoadedEditorAssemblies (296ms)
			LogAssemblyErrors (0ms)
			InitializePlatformSupportModulesInManaged (26ms)
			SetLoadedEditorAssemblies (4ms)
			RefreshPlugins (0ms)
			BeforeProcessingInitializeOnLoad (77ms)
			ProcessInitializeOnLoadAttributes (161ms)
			ProcessInitializeOnLoadMethodAttributes (22ms)
			AfterProcessingInitializeOnLoad (5ms)
			EditorAssembliesLoaded (0ms)
		ExecutionOrderSort2 (0ms)
		AwakeInstancesAfterBackupRestoration (7ms)
Launched and connected shader compiler UnityShaderCompiler.exe after 0.08 seconds
Refreshing native plugins compatible for Editor in 10.62 ms, found 2 plugins.
Preloading 0 native plugins for Editor in 0.00 ms.
Unloading 3205 Unused Serialized files (Serialized files now loaded: 0)
Unloading 85 unused Assets / (480.6 KB). Loaded Objects now: 3601.
Memory consumption went from 146.3 MB to 145.8 MB.
Total: 9.057800 ms (FindLiveObjects: 0.580400 ms CreateObjectMapping: 0.430300 ms MarkObjects: 6.954300 ms  DeleteObjects: 1.087500 ms)

AssetImportParameters requested are different than current active one (requested -> active):
  custom:container-demuxer-ogg: 62fdf1f143b41e24485cea50d1cbac27 -> 
  custom:video-decoder-ogg-theora: a1e56fd34408186e4bbccfd4996cb3dc -> 
  custom:framework-win-MediaFoundation: 216162199b28c13a410421893ffa2e32 -> 
  custom:CustomObjectIndexerAttribute: 9a22284fe3817be447336de3de66b15e -> 
  custom:container-demuxer-webm: 4f35f7cbe854078d1ac9338744f61a02 -> 
  custom:container-muxer-webm: aa71ff27fc2769a1b78a27578f13a17b -> 
  custom:video-decoder-webm-vp8: 9c59270c3fd7afecdb556c50c9e8de78 -> 
  custom:SearchIndexIgnoredProperties: e643bd26f0fe6173181afceb89e7c659 -> 
  custom:AudioImporter_EditorPlatform: d09bf68614088b80899f8185d706f6e7 -> 
  custom:video-encoder-webm-vp8: eb34c28f22e8b96e1ab97ce403110664 -> 
  custom:audio-decoder-ogg-vorbis: bf7c407c2cedff20999df2af8eb42d56 -> 
  custom:audio-encoder-webm-vorbis: bf7c407c2cedff20999df2af8eb42d56 -> 
========================================================================
Received Import Request.
  Time since last request: 64219.016346 seconds.
  path: Assets/Texture2D
  artifactKey: Guid(1b7e54d60ffc4824aa0dda7e83512a91) Importer(815301076,1909f56bfc062723c751e8b465ee728b)
Start importing Assets/Texture2D using Guid(1b7e54d60ffc4824aa0dda7e83512a91) Importer(815301076,1909f56bfc062723c751e8b465ee728b) [PhysX] Initialized MultithreadedTaskDispatcher with 64 workers.
 -> (artifact id: '83515870de555cdded3285c9e9f0088c') in 0.005799 seconds
Number of updated asset objects reloaded before import = 0
Number of asset objects unloaded after import = 0
========================================================================
Received Import Request.
  Time since last request: 4.409514 seconds.
  path: Assets/Texture2D/backdrop-background-blank-board-preview1.png
  artifactKey: Guid(23b7b04905736a344b913bb050ae1d00) Importer(815301076,1909f56bfc062723c751e8b465ee728b)
Start importing Assets/Texture2D/backdrop-background-blank-board-preview1.png using Guid(23b7b04905736a344b913bb050ae1d00) Importer(815301076,1909f56bfc062723c751e8b465ee728b) [PhysX] Initialized MultithreadedTaskDispatcher with 64 workers.
[PhysX] Initialized MultithreadedTaskDispatcher with 64 workers.
 -> (artifact id: '024b70ec57e1f97ddb5934f45898ed47') in 0.074901 seconds
Number of updated asset objects reloaded before import = 0
Number of asset objects unloaded after import = 2
========================================================================
Received Import Request.
  Time since last request: 5.112841 seconds.
  path: Assets/Texture2D/backdrop-background-blank-board-preview1.png
  artifactKey: Guid(23b7b04905736a344b913bb050ae1d00) Importer(815301076,1909f56bfc062723c751e8b465ee728b)
Start importing Assets/Texture2D/backdrop-background-blank-board-preview1.png using Guid(23b7b04905736a344b913bb050ae1d00) Importer(815301076,1909f56bfc062723c751e8b465ee728b) [PhysX] Initialized MultithreadedTaskDispatcher with 64 workers.
[PhysX] Initialized MultithreadedTaskDispatcher with 64 workers.
 -> (artifact id: '04ed1182834d161e356c4afd8962295f') in 0.173807 seconds
Number of updated asset objects reloaded before import = 0
Number of asset objects unloaded after import = 2
========================================================================
Received Import Request.
  Time since last request: 16.010819 seconds.
  path: Assets/Texture2D/backdrop-background-blank-board-preview1.png
  artifactKey: Guid(23b7b04905736a344b913bb050ae1d00) Importer(815301076,1909f56bfc062723c751e8b465ee728b)
Start importing Assets/Texture2D/backdrop-background-blank-board-preview1.png using Guid(23b7b04905736a344b913bb050ae1d00) Importer(815301076,1909f56bfc062723c751e8b465ee728b) [PhysX] Initialized MultithreadedTaskDispatcher with 64 workers.
[PhysX] Initialized MultithreadedTaskDispatcher with 64 workers.
 -> (artifact id: '5061fffab755d641328483c9a3e284d8') in 0.056870 seconds
Number of updated asset objects reloaded before import = 0
Number of asset objects unloaded after import = 3
========================================================================
Received Import Request.
  Time since last request: 129.904788 seconds.
  path: Assets/Texture2D/stompy_white_128.png
  artifactKey: Guid(b6aee3e7facfc1e4eaa30c03e290b805) Importer(815301076,1909f56bfc062723c751e8b465ee728b)
Start importing Assets/Texture2D/stompy_white_128.png using Guid(b6aee3e7facfc1e4eaa30c03e290b805) Importer(815301076,1909f56bfc062723c751e8b465ee728b) [PhysX] Initialized MultithreadedTaskDispatcher with 64 workers.
[PhysX] Initialized MultithreadedTaskDispatcher with 64 workers.
 -> (artifact id: '8dc5d978f2f1feebcb6edc4d0ffb7da2') in 0.023115 seconds
Number of updated asset objects reloaded before import = 0
Number of asset objects unloaded after import = 3
========================================================================
Received Import Request.
  Time since last request: 12.835725 seconds.
  path: Assets/Scripts/com.lachee.discordrpc.runtime/com.lachee.discordrpc.runtime.asmdef
  artifactKey: Guid(0310be9456d05d84196a8374e28dec38) Importer(815301076,1909f56bfc062723c751e8b465ee728b)
Start importing Assets/Scripts/com.lachee.discordrpc.runtime/com.lachee.discordrpc.runtime.asmdef using Guid(0310be9456d05d84196a8374e28dec38) Importer(815301076,1909f56bfc062723c751e8b465ee728b) [PhysX] Initialized MultithreadedTaskDispatcher with 64 workers.
 -> (artifact id: 'c981ccc6b33b3298612546684c7a3c45') in 0.001449 seconds
Number of updated asset objects reloaded before import = 0
Number of asset objects unloaded after import = 0
========================================================================
Received Import Request.
  Time since last request: 0.018517 seconds.
  path: Assets/Texture2D/tim-scott-freddy-special3-removebg-preview.png
  artifactKey: Guid(d04d62742bf92954f8f2586459689cc4) Importer(815301076,1909f56bfc062723c751e8b465ee728b)
Start importing Assets/Texture2D/tim-scott-freddy-special3-removebg-preview.png using Guid(d04d62742bf92954f8f2586459689cc4) Importer(815301076,1909f56bfc062723c751e8b465ee728b) [PhysX] Initialized MultithreadedTaskDispatcher with 64 workers.
[PhysX] Initialized MultithreadedTaskDispatcher with 64 workers.
 -> (artifact id: '8f01a72aa3b0ae14d092b46f710d3813') in 0.014904 seconds
Number of updated asset objects reloaded before import = 0
Number of asset objects unloaded after import = 2
========================================================================
Received Import Request.
  Time since last request: 9.871978 seconds.
  path: Assets/Texture2D/tim-scott-freddy-special3-removebg-preview.png
  artifactKey: Guid(d04d62742bf92954f8f2586459689cc4) Importer(815301076,1909f56bfc062723c751e8b465ee728b)
Start importing Assets/Texture2D/tim-scott-freddy-special3-removebg-preview.png using Guid(d04d62742bf92954f8f2586459689cc4) Importer(815301076,1909f56bfc062723c751e8b465ee728b) [PhysX] Initialized MultithreadedTaskDispatcher with 64 workers.
[PhysX] Initialized MultithreadedTaskDispatcher with 64 workers.
 -> (artifact id: 'd5ae51bf13b5819a20f0eccf86428f13') in 0.023265 seconds
Number of updated asset objects reloaded before import = 0
Number of asset objects unloaded after import = 3
========================================================================
Received Import Request.
  Time since last request: 34.925111 seconds.
  path: Assets/Texture2D/tim-scott-freddy-special3-removebg-preview.png
  artifactKey: Guid(d04d62742bf92954f8f2586459689cc4) Importer(815301076,1909f56bfc062723c751e8b465ee728b)
Start importing Assets/Texture2D/tim-scott-freddy-special3-removebg-preview.png using Guid(d04d62742bf92954f8f2586459689cc4) Importer(815301076,1909f56bfc062723c751e8b465ee728b) [PhysX] Initialized MultithreadedTaskDispatcher with 64 workers.
[PhysX] Initialized MultithreadedTaskDispatcher with 64 workers.
 -> (artifact id: '0665378f425c0a88ae1a8d1c3fabb327') in 0.015003 seconds
Number of updated asset objects reloaded before import = 0
Number of asset objects unloaded after import = 2
========================================================================
Received Import Request.
  Time since last request: 201.796589 seconds.
  path: Assets/Scripts/Assembly-CSharp/ExitGame.cs
  artifactKey: Guid(9361728a7f6c49888e364ff1a2db5eca) Importer(815301076,1909f56bfc062723c751e8b465ee728b)
Start importing Assets/Scripts/Assembly-CSharp/ExitGame.cs using Guid(9361728a7f6c49888e364ff1a2db5eca) Importer(815301076,1909f56bfc062723c751e8b465ee728b) [PhysX] Initialized MultithreadedTaskDispatcher with 64 workers.
 -> (artifact id: 'ccb2987f122405a27b49f23c5cdf0dc0') in 0.001575 seconds
Number of updated asset objects reloaded before import = 0
Number of asset objects unloaded after import = 0
========================================================================
Received Prepare
Caller must complete domain reload
Begin MonoManager ReloadAssembly
- Loaded All Assemblies, in  0.291 seconds
Native extension for WindowsStandalone target not found
Native extension for Android target not found
Mono: successfully reloaded assembly
- Finished resetting the current domain, in  0.414 seconds
Domain Reload Profiling: 704ms
	BeginReloadAssembly (184ms)
		ExecutionOrderSort (0ms)
		DisableScriptedObjects (6ms)
		BackupInstance (0ms)
		ReleaseScriptingObjects (0ms)
		CreateAndSetChildDomain (45ms)
	RebuildCommonClasses (38ms)
	RebuildNativeTypeToScriptingClass (13ms)
	initialDomainReloadingComplete (22ms)
	LoadAllAssembliesAndSetupDomain (32ms)
		LoadAssemblies (109ms)
		RebuildTransferFunctionScriptingTraits (0ms)
		AnalyzeDomain (19ms)
			TypeCache.Refresh (5ms)
				TypeCache.ScanAssembly (0ms)
			ScanForSourceGeneratedMonoScriptInfo (0ms)
			ResolveRequiredComponents (13ms)
	FinalizeReload (414ms)
		ReleaseScriptCaches (0ms)
		RebuildScriptCaches (0ms)
		SetupLoadedEditorAssemblies (258ms)
			LogAssemblyErrors (0ms)
			InitializePlatformSupportModulesInManaged (26ms)
			SetLoadedEditorAssemblies (6ms)
			RefreshPlugins (0ms)
			BeforeProcessingInitializeOnLoad (50ms)
			ProcessInitializeOnLoadAttributes (150ms)
			ProcessInitializeOnLoadMethodAttributes (21ms)
			AfterProcessingInitializeOnLoad (5ms)
			EditorAssembliesLoaded (0ms)
		ExecutionOrderSort2 (0ms)
		AwakeInstancesAfterBackupRestoration (6ms)
Refreshing native plugins compatible for Editor in 10.78 ms, found 2 plugins.
Preloading 0 native plugins for Editor in 0.00 ms.
Unloading 3187 Unused Serialized files (Serialized files now loaded: 0)
Unloading 84 unused Assets / (480.2 KB). Loaded Objects now: 3608.
Memory consumption went from 142.4 MB to 141.9 MB.
Total: 8.351100 ms (FindLiveObjects: 0.474000 ms CreateObjectMapping: 0.346100 ms MarkObjects: 6.457500 ms  DeleteObjects: 1.072000 ms)

Prepare: number of updated asset objects reloaded= 0
AssetImportParameters requested are different than current active one (requested -> active):
  custom:container-demuxer-ogg: 62fdf1f143b41e24485cea50d1cbac27 -> 
  custom:video-decoder-ogg-theora: a1e56fd34408186e4bbccfd4996cb3dc -> 
  custom:framework-win-MediaFoundation: 216162199b28c13a410421893ffa2e32 -> 
  custom:CustomObjectIndexerAttribute: 9a22284fe3817be447336de3de66b15e -> 
  custom:container-demuxer-webm: 4f35f7cbe854078d1ac9338744f61a02 -> 
  custom:container-muxer-webm: aa71ff27fc2769a1b78a27578f13a17b -> 
  custom:video-decoder-webm-vp8: 9c59270c3fd7afecdb556c50c9e8de78 -> 
  custom:SearchIndexIgnoredProperties: e643bd26f0fe6173181afceb89e7c659 -> 
  custom:AudioImporter_EditorPlatform: d09bf68614088b80899f8185d706f6e7 -> 
  custom:video-encoder-webm-vp8: eb34c28f22e8b96e1ab97ce403110664 -> 
  custom:audio-decoder-ogg-vorbis: bf7c407c2cedff20999df2af8eb42d56 -> 
  custom:audio-encoder-webm-vorbis: bf7c407c2cedff20999df2af8eb42d56 -> 
========================================================================
Received Import Request.
  Time since last request: 138.968303 seconds.
  path: Assets/Scripts/Assembly-CSharp/EyeColorData.cs
  artifactKey: Guid(e409a649c905ac7318bf9c3024a6fe21) Importer(815301076,1909f56bfc062723c751e8b465ee728b)
Start importing Assets/Scripts/Assembly-CSharp/EyeColorData.cs using Guid(e409a649c905ac7318bf9c3024a6fe21) Importer(815301076,1909f56bfc062723c751e8b465ee728b) [PhysX] Initialized MultithreadedTaskDispatcher with 64 workers.
 -> (artifact id: '45283d0c2f1eba8b38b16a60027549a6') in 0.004874 seconds
Number of updated asset objects reloaded before import = 0
Number of asset objects unloaded after import = 0
========================================================================
Received Import Request.
  Time since last request: 365.611337 seconds.
  path: Assets/Scenes/Lobby.unity
  artifactKey: Guid(ac74caed79728174890c470c5041323f) Importer(815301076,1909f56bfc062723c751e8b465ee728b)
Start importing Assets/Scenes/Lobby.unity using Guid(ac74caed79728174890c470c5041323f) Importer(815301076,1909f56bfc062723c751e8b465ee728b) [PhysX] Initialized MultithreadedTaskDispatcher with 64 workers.
 -> (artifact id: 'cd7a441425ebb3fe519d1c6c397544e4') in 0.001448 seconds
Number of updated asset objects reloaded before import = 0
Number of asset objects unloaded after import = 0
========================================================================
Received Import Request.
  Time since last request: 52.609651 seconds.
  path: Assets/Scenes/LoadingScene.unity
  artifactKey: Guid(d240c8b102ae4de4db79c006e96c283a) Importer(815301076,1909f56bfc062723c751e8b465ee728b)
Start importing Assets/Scenes/LoadingScene.unity using Guid(d240c8b102ae4de4db79c006e96c283a) Importer(815301076,1909f56bfc062723c751e8b465ee728b) [PhysX] Initialized MultithreadedTaskDispatcher with 64 workers.
 -> (artifact id: '8d9e1e68b13c8ba91cefa2a28cae4bcb') in 0.001420 seconds
Number of updated asset objects reloaded before import = 0
Number of asset objects unloaded after import = 0
========================================================================
Received Import Request.
  Time since last request: 16.112689 seconds.
  path: Assets/Scenes/Lobby.unity
  artifactKey: Guid(ac74caed79728174890c470c5041323f) Importer(815301076,1909f56bfc062723c751e8b465ee728b)
Start importing Assets/Scenes/Lobby.unity using Guid(ac74caed79728174890c470c5041323f) Importer(815301076,1909f56bfc062723c751e8b465ee728b) [PhysX] Initialized MultithreadedTaskDispatcher with 64 workers.
 -> (artifact id: '1627d7044024e8ece3bc2b9799d5d3b2') in 0.001526 seconds
Number of updated asset objects reloaded before import = 0
Number of asset objects unloaded after import = 0
========================================================================
Received Import Request.
  Time since last request: 10.975409 seconds.
  path: Assets/Mesh/Combined Mesh (root_ scene).asset
  artifactKey: Guid(fddbcafe040e75b49af09b7608e62bed) Importer(815301076,1909f56bfc062723c751e8b465ee728b)
Start importing Assets/Mesh/Combined Mesh (root_ scene).asset using Guid(fddbcafe040e75b49af09b7608e62bed) Importer(815301076,1909f56bfc062723c751e8b465ee728b) [PhysX] Initialized MultithreadedTaskDispatcher with 64 workers.
[PhysX] Initialized MultithreadedTaskDispatcher with 64 workers.
 -> (artifact id: 'cc5167f43304d18b6c0a0105476bd126') in 0.124836 seconds
Number of updated asset objects reloaded before import = 0
Number of asset objects unloaded after import = 2
========================================================================
Received Import Request.
  Time since last request: 0.000027 seconds.
  path: Assets/Mesh/SM_ConduitPipe_Broken.mo.002.asset
  artifactKey: Guid(71bacd0383ac4d24c823079f3a3e4802) Importer(815301076,1909f56bfc062723c751e8b465ee728b)
Start importing Assets/Mesh/SM_ConduitPipe_Broken.mo.002.asset using Guid(71bacd0383ac4d24c823079f3a3e4802) Importer(815301076,1909f56bfc062723c751e8b465ee728b) [PhysX] Initialized MultithreadedTaskDispatcher with 64 workers.
[PhysX] Initialized MultithreadedTaskDispatcher with 64 workers.
 -> (artifact id: 'f822e42a0f87a490c3f3950284c7ee0d') in 0.009509 seconds
Number of updated asset objects reloaded before import = 0
Number of asset objects unloaded after import = 2
========================================================================
Received Import Request.
  Time since last request: 0.000074 seconds.
  path: Assets/Mesh/SM_ConduitPlate.001.asset
  artifactKey: Guid(4bea19fae23dd74468bea8efba0e1866) Importer(815301076,1909f56bfc062723c751e8b465ee728b)
Start importing Assets/Mesh/SM_ConduitPlate.001.asset using Guid(4bea19fae23dd74468bea8efba0e1866) Importer(815301076,1909f56bfc062723c751e8b465ee728b) [PhysX] Initialized MultithreadedTaskDispatcher with 64 workers.
[PhysX] Initialized MultithreadedTaskDispatcher with 64 workers.
 -> (artifact id: 'c7a85eae10245d40be33859921da1813') in 0.020279 seconds
Number of updated asset objects reloaded before import = 0
Number of asset objects unloaded after import = 2
========================================================================
Received Import Request.
  Time since last request: 0.000024 seconds.
  path: Assets/Mesh/Plane.003.asset
  artifactKey: Guid(d302cca5153f1be4c8b9539ab25c299e) Importer(815301076,1909f56bfc062723c751e8b465ee728b)
Start importing Assets/Mesh/Plane.003.asset using Guid(d302cca5153f1be4c8b9539ab25c299e) Importer(815301076,1909f56bfc062723c751e8b465ee728b) [PhysX] Initialized MultithreadedTaskDispatcher with 64 workers.
[PhysX] Initialized MultithreadedTaskDispatcher with 64 workers.
 -> (artifact id: '7f038f3e001c4834117cb96177831634') in 0.009237 seconds
Number of updated asset objects reloaded before import = 0
Number of asset objects unloaded after import = 2
========================================================================
Received Import Request.
  Time since last request: 0.000040 seconds.
  path: Assets/Mesh/SM_ConduitPipe03.mo.asset
  artifactKey: Guid(5923921f673906241a364222dc68b462) Importer(815301076,1909f56bfc062723c751e8b465ee728b)
Start importing Assets/Mesh/SM_ConduitPipe03.mo.asset using Guid(5923921f673906241a364222dc68b462) Importer(815301076,1909f56bfc062723c751e8b465ee728b) [PhysX] Initialized MultithreadedTaskDispatcher with 64 workers.
[PhysX] Initialized MultithreadedTaskDispatcher with 64 workers.
 -> (artifact id: '80e9d0c44cbed41f8a244c6f8d810fea') in 0.012611 seconds
Number of updated asset objects reloaded before import = 0
Number of asset objects unloaded after import = 2
========================================================================
Received Import Request.
  Time since last request: 0.000023 seconds.
  path: Assets/Mesh/SM_ConduitPipe01.mo.asset
  artifactKey: Guid(5ad8ec3efd380cf418105a11ae445cc0) Importer(815301076,1909f56bfc062723c751e8b465ee728b)
Start importing Assets/Mesh/SM_ConduitPipe01.mo.asset using Guid(5ad8ec3efd380cf418105a11ae445cc0) Importer(815301076,1909f56bfc062723c751e8b465ee728b) [PhysX] Initialized MultithreadedTaskDispatcher with 64 workers.
[PhysX] Initialized MultithreadedTaskDispatcher with 64 workers.
 -> (artifact id: 'a8a1ebb4ce58879e884f1c6c3823c30d') in 0.007804 seconds
Number of updated asset objects reloaded before import = 0
Number of asset objects unloaded after import = 2
========================================================================
Received Import Request.
  Time since last request: 0.000032 seconds.
  path: Assets/Mesh/Cube.155.asset
  artifactKey: Guid(0917cf4aaf9b2cf4e8de42246bba59be) Importer(815301076,1909f56bfc062723c751e8b465ee728b)
Start importing Assets/Mesh/Cube.155.asset using Guid(0917cf4aaf9b2cf4e8de42246bba59be) Importer(815301076,1909f56bfc062723c751e8b465ee728b) [PhysX] Initialized MultithreadedTaskDispatcher with 64 workers.
[PhysX] Initialized MultithreadedTaskDispatcher with 64 workers.
 -> (artifact id: 'adbf1bd77f21d1a445916eb24302d023') in 0.007709 seconds
Number of updated asset objects reloaded before import = 0
Number of asset objects unloaded after import = 2
========================================================================
Received Import Request.
  Time since last request: 0.000020 seconds.
  path: Assets/Mesh/SM_ConduitPipe_Broken.mo.003.asset
  artifactKey: Guid(9ea5ca8f54615e4498891043704ce804) Importer(815301076,1909f56bfc062723c751e8b465ee728b)
Start importing Assets/Mesh/SM_ConduitPipe_Broken.mo.003.asset using Guid(9ea5ca8f54615e4498891043704ce804) Importer(815301076,1909f56bfc062723c751e8b465ee728b) [PhysX] Initialized MultithreadedTaskDispatcher with 64 workers.
[PhysX] Initialized MultithreadedTaskDispatcher with 64 workers.
 -> (artifact id: 'dafb78ea25f4de2bfb590ab407ccf5dc') in 0.007718 seconds
Number of updated asset objects reloaded before import = 0
Number of asset objects unloaded after import = 2
========================================================================
Received Import Request.
  Time since last request: 0.000021 seconds.
  path: Assets/Mesh/SM_ConduitPipe02.001.asset
  artifactKey: Guid(6fe4fbe4e486cd449a15da3f9b630c11) Importer(815301076,1909f56bfc062723c751e8b465ee728b)
Start importing Assets/Mesh/SM_ConduitPipe02.001.asset using Guid(6fe4fbe4e486cd449a15da3f9b630c11) Importer(815301076,1909f56bfc062723c751e8b465ee728b) [PhysX] Initialized MultithreadedTaskDispatcher with 64 workers.
[PhysX] Initialized MultithreadedTaskDispatcher with 64 workers.
 -> (artifact id: '6acb5914b8b4e4ca64815d3eea943b51') in 0.008095 seconds
Number of updated asset objects reloaded before import = 0
Number of asset objects unloaded after import = 2
========================================================================
Received Import Request.
  Time since last request: 0.000028 seconds.
  path: Assets/Mesh/Mask_Geo.asset
  artifactKey: Guid(53160023805478c4a9f818019ff93181) Importer(815301076,1909f56bfc062723c751e8b465ee728b)
Start importing Assets/Mesh/Mask_Geo.asset using Guid(53160023805478c4a9f818019ff93181) Importer(815301076,1909f56bfc062723c751e8b465ee728b) [PhysX] Initialized MultithreadedTaskDispatcher with 64 workers.
[PhysX] Initialized MultithreadedTaskDispatcher with 64 workers.
 -> (artifact id: '24f174b7e9660806f07fc1c307662ee6') in 0.013671 seconds
Number of updated asset objects reloaded before import = 0
Number of asset objects unloaded after import = 2
========================================================================
Received Prepare
Caller must complete domain reload
Begin MonoManager ReloadAssembly
- Loaded All Assemblies, in  0.289 seconds
Native extension for WindowsStandalone target not found
Native extension for Android target not found
Mono: successfully reloaded assembly
- Finished resetting the current domain, in  0.482 seconds
Domain Reload Profiling: 769ms
	BeginReloadAssembly (178ms)
		ExecutionOrderSort (0ms)
		DisableScriptedObjects (5ms)
		BackupInstance (0ms)
		ReleaseScriptingObjects (0ms)
		CreateAndSetChildDomain (29ms)
	RebuildCommonClasses (38ms)
	RebuildNativeTypeToScriptingClass (13ms)
	initialDomainReloadingComplete (26ms)
	LoadAllAssembliesAndSetupDomain (32ms)
		LoadAssemblies (124ms)
		RebuildTransferFunctionScriptingTraits (0ms)
		AnalyzeDomain (19ms)
			TypeCache.Refresh (5ms)
				TypeCache.ScanAssembly (0ms)
			ScanForSourceGeneratedMonoScriptInfo (0ms)
			ResolveRequiredComponents (13ms)
	FinalizeReload (482ms)
		ReleaseScriptCaches (0ms)
		RebuildScriptCaches (0ms)
		SetupLoadedEditorAssemblies (306ms)
			LogAssemblyErrors (0ms)
			InitializePlatformSupportModulesInManaged (44ms)
			SetLoadedEditorAssemblies (6ms)
			RefreshPlugins (0ms)
			BeforeProcessingInitializeOnLoad (52ms)
			ProcessInitializeOnLoadAttributes (177ms)
			ProcessInitializeOnLoadMethodAttributes (21ms)
			AfterProcessingInitializeOnLoad (6ms)
			EditorAssembliesLoaded (0ms)
		ExecutionOrderSort2 (0ms)
		AwakeInstancesAfterBackupRestoration (6ms)
Refreshing native plugins compatible for Editor in 21.27 ms, found 2 plugins.
Preloading 0 native plugins for Editor in 0.00 ms.
Unloading 3187 Unused Serialized files (Serialized files now loaded: 0)
Unloading 84 unused Assets / (480.2 KB). Loaded Objects now: 3615.
Memory consumption went from 142.7 MB to 142.2 MB.
Total: 5.704800 ms (FindLiveObjects: 0.392100 ms CreateObjectMapping: 0.222200 ms MarkObjects: 4.375800 ms  DeleteObjects: 0.713100 ms)

Prepare: number of updated asset objects reloaded= 0
AssetImportParameters requested are different than current active one (requested -> active):
  custom:container-demuxer-ogg: 62fdf1f143b41e24485cea50d1cbac27 -> 
  custom:video-decoder-ogg-theora: a1e56fd34408186e4bbccfd4996cb3dc -> 
  custom:framework-win-MediaFoundation: 216162199b28c13a410421893ffa2e32 -> 
  custom:CustomObjectIndexerAttribute: 9a22284fe3817be447336de3de66b15e -> 
  custom:container-demuxer-webm: 4f35f7cbe854078d1ac9338744f61a02 -> 
  custom:container-muxer-webm: aa71ff27fc2769a1b78a27578f13a17b -> 
  custom:video-decoder-webm-vp8: 9c59270c3fd7afecdb556c50c9e8de78 -> 
  custom:SearchIndexIgnoredProperties: e643bd26f0fe6173181afceb89e7c659 -> 
  custom:AudioImporter_EditorPlatform: d09bf68614088b80899f8185d706f6e7 -> 
  custom:video-encoder-webm-vp8: eb34c28f22e8b96e1ab97ce403110664 -> 
  custom:audio-decoder-ogg-vorbis: bf7c407c2cedff20999df2af8eb42d56 -> 
  custom:audio-encoder-webm-vorbis: bf7c407c2cedff20999df2af8eb42d56 -> 
Editor requested this worker to shutdown with reason: Scaling down because of idle timeout
TcpMessagingSession - receive error: operation aborted. errorcode: 995, details: The I/O operation has been aborted because of either a thread exit or an application request.
AssetImportWorker is now disconnected from the server
Process exiting
Exiting without the bug reporter. Application will terminate with return code 0